                                 Started job on |	Nov 17 17:00:15
                             Started mapping on |	Nov 17 17:00:15
                                    Finished on |	Nov 17 17:00:57
       Mapping speed, Million of reads per hour |	25.65

                          Number of input reads |	299277
                      Average input read length |	150
                                    UNIQUE READS:
                   Uniquely mapped reads number |	274739
                        Uniquely mapped reads % |	91.80%
                          Average mapped length |	149.72
                       Number of splices: Total |	189
            Number of splices: Annotated (sjdb) |	0
                       Number of splices: GT/AG |	93
                       Number of splices: GC/AG |	4
                       Number of splices: AT/AC |	0
               Number of splices: Non-canonical |	92
                      Mismatch rate per base, % |	0.13%
                         Deletion rate per base |	0.00%
                        Deletion average length |	1.28
                        Insertion rate per base |	0.01%
                       Insertion average length |	1.01
                             MULTI-MAPPING READS:
        Number of reads mapped to multiple loci |	2222
             % of reads mapped to multiple loci |	0.74%
        Number of reads mapped to too many loci |	151
             % of reads mapped to too many loci |	0.05%
                                  UNMAPPED READS:
  Number of reads unmapped: too many mismatches |	0
       % of reads unmapped: too many mismatches |	0.00%
            Number of reads unmapped: too short |	18247
                 % of reads unmapped: too short |	6.10%
                Number of reads unmapped: other |	3918
                     % of reads unmapped: other |	1.31%
                                  CHIMERIC READS:
                       Number of chimeric reads |	0
                            % of chimeric reads |	0.00%
