                                 Started job on |	Nov 17 17:01:13
                             Started mapping on |	Nov 17 17:01:13
                                    Finished on |	Nov 17 17:01:55
       Mapping speed, Million of reads per hour |	25.65

                          Number of input reads |	299289
                      Average input read length |	150
                                    UNIQUE READS:
                   Uniquely mapped reads number |	274860
                        Uniquely mapped reads % |	91.84%
                          Average mapped length |	149.71
                       Number of splices: Total |	165
            Number of splices: Annotated (sjdb) |	0
                       Number of splices: GT/AG |	91
                       Number of splices: GC/AG |	9
                       Number of splices: AT/AC |	0
               Number of splices: Non-canonical |	65
                      Mismatch rate per base, % |	0.13%
                         Deletion rate per base |	0.00%
                        Deletion average length |	1.28
                        Insertion rate per base |	0.01%
                       Insertion average length |	1.01
                             MULTI-MAPPING READS:
        Number of reads mapped to multiple loci |	2262
             % of reads mapped to multiple loci |	0.76%
        Number of reads mapped to too many loci |	164
             % of reads mapped to too many loci |	0.05%
                                  UNMAPPED READS:
  Number of reads unmapped: too many mismatches |	0
       % of reads unmapped: too many mismatches |	0.00%
            Number of reads unmapped: too short |	18110
                 % of reads unmapped: too short |	6.05%
                Number of reads unmapped: other |	3893
                     % of reads unmapped: other |	1.30%
                                  CHIMERIC READS:
                       Number of chimeric reads |	0
                            % of chimeric reads |	0.00%
