                                 Started job on |	Nov 17 17:02:11
                             Started mapping on |	Nov 17 17:02:11
                                    Finished on |	Nov 17 17:02:52
       Mapping speed, Million of reads per hour |	26.28

                          Number of input reads |	299278
                      Average input read length |	150
                                    UNIQUE READS:
                   Uniquely mapped reads number |	275006
                        Uniquely mapped reads % |	91.89%
                          Average mapped length |	149.68
                       Number of splices: Total |	209
            Number of splices: Annotated (sjdb) |	0
                       Number of splices: GT/AG |	106
                       Number of splices: GC/AG |	12
                       Number of splices: AT/AC |	0
               Number of splices: Non-canonical |	91
                      Mismatch rate per base, % |	0.13%
                         Deletion rate per base |	0.00%
                        Deletion average length |	1.22
                        Insertion rate per base |	0.01%
                       Insertion average length |	1.01
                             MULTI-MAPPING READS:
        Number of reads mapped to multiple loci |	2186
             % of reads mapped to multiple loci |	0.73%
        Number of reads mapped to too many loci |	165
             % of reads mapped to too many loci |	0.06%
                                  UNMAPPED READS:
  Number of reads unmapped: too many mismatches |	0
       % of reads unmapped: too many mismatches |	0.00%
            Number of reads unmapped: too short |	18008
                 % of reads unmapped: too short |	6.02%
                Number of reads unmapped: other |	3913
                     % of reads unmapped: other |	1.31%
                                  CHIMERIC READS:
                       Number of chimeric reads |	0
                            % of chimeric reads |	0.00%
